<?xml version="1.0" encoding="UTF-8"?>
<testsuite name="Command line test" failures="0" tests="21" time="0.279" errors="0">
  <properties/>
  <testcase name="test" time="0.003" classname="com.gluszecki.iocc.ComponentInstanceFactoryTest"/>
  <testcase name="test" time="0.0" classname="com.gluszecki.iocc.ComponentInvocationHandlerTest"/>
  <testcase name="test" time="0.049" classname="com.gluszecki.iocc.ComponentProxyFactoryTest"/>
  <testcase name="testSubclassedComponent" time="0.0" classname="com.gluszecki.iocc.ComponentProxyFactoryTest"/>
  <testcase name="test" time="0.002" classname="com.gluszecki.iocc.ConstructorInjectionComponentInstanceFactoryTest"/>
  <testcase name="test1" time="0.006" classname="com.gluszecki.iocc.ContainerTest"/>
  <testcase name="testExecute" time="0.051" classname="com.gluszecki.iocc.FactoryMethodImplTest"/>
  <testcase name="test" time="0.0" classname="com.gluszecki.iocc.FileFinderTest"/>
  <testcase name="test2" time="0.0" classname="com.gluszecki.iocc.FileFinderTest"/>
  <testcase name="test2" time="0.005" classname="com.gluszecki.iocc.UrlClassLoaderScannerTest"/>
  <testcase name="test" time="0.023" classname="com.gluszecki.iocc.UrlClassLoaderScannerTest"/>
  <testcase name="testFieldInjectDisinject" time="0.0" classname="com.gluszecki.iocc.bijection.handler.InjectionHandlerImplTest"/>
  <testcase name="testCreateInjectionHandlers" time="0.0" classname="com.gluszecki.iocc.component.ComponentImplTest"/>
  <testcase name="testNewInstance" time="0.0" classname="com.gluszecki.iocc.component.ComponentImplTest"/>
  <testcase name="testGetFields" time="0.0" classname="com.gluszecki.iocc.component.ComponentImplTest"/>
  <testcase name="testCreateInjectionHandlersForSubclassedComponent" time="0.0" classname="com.gluszecki.iocc.component.ComponentImplTest"/>
  <testcase name="testGetKeysDefaultNamespace" time="0.0" classname="com.gluszecki.iocc.context.GlobalContextTest"/>
  <testcase name="testFactoryMethod" time="0.006" classname="com.gluszecki.iocc.factory.FactoryMethodTest"/>
  <testcase name="testGetInheritanceList" time="0.0" classname="com.gluszecki.iocc.utils.ReflectionUtilsTest"/>
  <testcase name="testGetConstructorParametersAnnotations" time="0.0" classname="com.gluszecki.iocc.utils.ReflectionUtilsTest"/>
  <testcase name="testGetConstructorParametersAnnotations2" time="0.0" classname="com.gluszecki.iocc.utils.ReflectionUtilsTest"/>
</testsuite>
