<?xml version="1.0" encoding="UTF-8" ?>
<testsuite failures="0" time="0.613" errors="0" skipped="0" tests="21" name="TestSuite">
  <properties>
[...]
</properties>
  <testcase time="0.003" classname="com.gluszecki.iocc.ComponentInstanceFactoryTest" name="test"/>
  <testcase time="0" classname="com.gluszecki.iocc.ComponentInvocationHandlerTest" name="test"/>
  <testcase time="0.049" classname="com.gluszecki.iocc.ComponentProxyFactoryTest" name="test"/>
  <testcase time="0" classname="com.gluszecki.iocc.ComponentProxyFactoryTest" name="testSubclassedComponent"/>
  <testcase time="0.002" classname="com.gluszecki.iocc.ConstructorInjectionComponentInstanceFactoryTest" name="test"/>
  <testcase time="0.006" classname="com.gluszecki.iocc.ContainerTest" name="test1"/>
  <testcase time="0.052" classname="com.gluszecki.iocc.FactoryMethodImplTest" name="testExecute"/>
  <testcase time="0" classname="com.gluszecki.iocc.FileFinderTest" name="test"/>
  <testcase time="0" classname="com.gluszecki.iocc.FileFinderTest" name="test2"/>
  <testcase time="0.005" classname="com.gluszecki.iocc.UrlClassLoaderScannerTest" name="test2"/>
  <testcase time="0.023" classname="com.gluszecki.iocc.UrlClassLoaderScannerTest" name="test"/>
  <testcase time="0" classname="com.gluszecki.iocc.bijection.handler.InjectionHandlerImplTest" name="testFieldInjectDisinject"/>
  <testcase time="0" classname="com.gluszecki.iocc.component.ComponentImplTest" name="testCreateInjectionHandlers"/>
  <testcase time="0" classname="com.gluszecki.iocc.component.ComponentImplTest" name="testNewInstance"/>
  <testcase time="0" classname="com.gluszecki.iocc.component.ComponentImplTest" name="testGetFields"/>
  <testcase time="0" classname="com.gluszecki.iocc.component.ComponentImplTest" name="testCreateInjectionHandlersForSubclassedComponent"/>
  <testcase time="0" classname="com.gluszecki.iocc.context.GlobalContextTest" name="testGetKeysDefaultNamespace"/>
  <testcase time="0.006" classname="com.gluszecki.iocc.factory.FactoryMethodTest" name="testFactoryMethod"/>
  <testcase time="0" classname="com.gluszecki.iocc.utils.ReflectionUtilsTest" name="testGetInheritanceList"/>
  <testcase time="0" classname="com.gluszecki.iocc.utils.ReflectionUtilsTest" name="testGetConstructorParametersAnnotations"/>
  <testcase time="0" classname="com.gluszecki.iocc.utils.ReflectionUtilsTest" name="testGetConstructorParametersAnnotations2"/>
</testsuite>