<testng-results>
  <reporter-output>
  </reporter-output>
  <suite name="Command line suite">
    <groups>
    </groups>
    <test name="Command line test">
      <class name="com.gluszecki.iocc.FileFinderTest">
        <test-method status="PASS" signature="test()" name="test" duration-ms="0" started-at="2011-12-08T12:11:04Z" finished-at="2011-12-08T12:11:04Z">
        </test-method>
        <test-method status="PASS" signature="test2()" name="test2" duration-ms="0" started-at="2011-12-08T12:11:04Z" finished-at="2011-12-08T12:11:04Z">
        </test-method>
      </class>
      <class name="com.gluszecki.iocc.utils.ReflectionUtilsTest">
        <test-method status="PASS" signature="testGetConstructorParametersAnnotations()" name="testGetConstructorParametersAnnotations" duration-ms="0" started-at="2011-12-08T12:11:04Z" finished-at="2011-12-08T12:11:04Z">
        </test-method>
        <test-method status="PASS" signature="testGetConstructorParametersAnnotations2()" name="testGetConstructorParametersAnnotations2" duration-ms="0" started-at="2011-12-08T12:11:04Z" finished-at="2011-12-08T12:11:04Z">
        </test-method>
        <test-method status="PASS" signature="testGetInheritanceList()" name="testGetInheritanceList" duration-ms="0" started-at="2011-12-08T12:11:04Z" finished-at="2011-12-08T12:11:04Z">
        </test-method>
      </class>
      <class name="com.gluszecki.iocc.factory.FactoryMethodTest">
        <test-method status="PASS" signature="stopContainer()" name="stopContainer" is-config="true" duration-ms="0" started-at="2011-12-08T12:11:04Z" finished-at="2011-12-08T12:11:04Z">
        </test-method>
        <test-method status="PASS" signature="testFactoryMethod()" name="testFactoryMethod" duration-ms="6" started-at="2011-12-08T12:11:04Z" finished-at="2011-12-08T12:11:04Z">
        </test-method>
        <test-method status="PASS" signature="startContainer()" name="startContainer" is-config="true" duration-ms="25" started-at="2011-12-08T12:11:04Z" finished-at="2011-12-08T12:11:04Z">
        </test-method>
      </class>
      <class name="com.gluszecki.iocc.bijection.handler.InjectionHandlerImplTest">
        <test-method status="PASS" signature="testFieldInjectDisinject()" name="testFieldInjectDisinject" duration-ms="0" started-at="2011-12-08T12:11:04Z" finished-at="2011-12-08T12:11:04Z">
        </test-method>
      </class>
      <class name="com.gluszecki.iocc.UrlClassLoaderScannerTest">
        <test-method status="PASS" signature="test2()" name="test2" duration-ms="5" started-at="2011-12-08T12:11:04Z" finished-at="2011-12-08T12:11:04Z">
        </test-method>
        <test-method status="PASS" signature="test()" name="test" duration-ms="23" started-at="2011-12-08T12:11:04Z" finished-at="2011-12-08T12:11:04Z">
        </test-method>
      </class>
      <class name="com.gluszecki.iocc.context.GlobalContextTest">
        <test-method status="PASS" signature="testGetKeysDefaultNamespace()" name="testGetKeysDefaultNamespace" duration-ms="0" started-at="2011-12-08T12:11:04Z" finished-at="2011-12-08T12:11:04Z">
        </test-method>
      </class>
      <class name="com.gluszecki.iocc.ComponentProxyFactoryTest">
        <test-method status="PASS" signature="test()" name="test" duration-ms="49" started-at="2011-12-08T12:11:04Z" finished-at="2011-12-08T12:11:04Z">
        </test-method>
        <test-method status="PASS" signature="testSubclassedComponent()" name="testSubclassedComponent" duration-ms="0" started-at="2011-12-08T12:11:04Z" finished-at="2011-12-08T12:11:04Z">
        </test-method>
      </class>
      <class name="com.gluszecki.iocc.FactoryMethodImplTest">
        <test-method status="PASS" signature="testExecute()" name="testExecute" duration-ms="51" started-at="2011-12-08T12:11:04Z" finished-at="2011-12-08T12:11:04Z">
        </test-method>
      </class>
      <class name="com.gluszecki.iocc.component.ComponentImplTest">
        <test-method status="PASS" signature="testNewInstance()" name="testNewInstance" duration-ms="0" started-at="2011-12-08T12:11:04Z" finished-at="2011-12-08T12:11:04Z">
        </test-method>
        <test-method status="PASS" signature="testCreateInjectionHandlersForSubclassedComponent()" name="testCreateInjectionHandlersForSubclassedComponent" duration-ms="0" started-at="2011-12-08T12:11:04Z" finished-at="2011-12-08T12:11:04Z">
        </test-method>
        <test-method status="PASS" signature="testGetFields()" name="testGetFields" duration-ms="0" started-at="2011-12-08T12:11:04Z" finished-at="2011-12-08T12:11:04Z">
        </test-method>
        <test-method status="PASS" signature="testCreateInjectionHandlers()" name="testCreateInjectionHandlers" duration-ms="0" started-at="2011-12-08T12:11:04Z" finished-at="2011-12-08T12:11:04Z">
        </test-method>
      </class>
      <class name="com.gluszecki.iocc.ConstructorInjectionComponentInstanceFactoryTest">
        <test-method status="PASS" signature="test()" name="test" duration-ms="2" started-at="2011-12-08T12:11:04Z" finished-at="2011-12-08T12:11:04Z">
        </test-method>
      </class>
      <class name="com.gluszecki.iocc.ContainerTest">
        <test-method status="PASS" signature="test1()" name="test1" duration-ms="6" started-at="2011-12-08T12:11:04Z" finished-at="2011-12-08T12:11:04Z">
        </test-method>
        <test-method status="PASS" signature="stopContainer()" name="stopContainer" is-config="true" duration-ms="8" started-at="2011-12-08T12:11:04Z" finished-at="2011-12-08T12:11:04Z">
        </test-method>
        <test-method status="PASS" signature="startContainer()" name="startContainer" is-config="true" duration-ms="80" started-at="2011-12-08T12:11:04Z" finished-at="2011-12-08T12:11:04Z">
        </test-method>
      </class>
      <class name="com.gluszecki.iocc.ComponentInstanceFactoryTest">
        <test-method status="PASS" signature="test()" name="test" duration-ms="3" started-at="2011-12-08T12:11:04Z" finished-at="2011-12-08T12:11:04Z">
        </test-method>
      </class>
      <class name="com.gluszecki.iocc.ComponentInvocationHandlerTest">
        <test-method status="PASS" signature="test()" name="test" duration-ms="0" started-at="2011-12-08T12:11:04Z" finished-at="2011-12-08T12:11:04Z">
        </test-method>
      </class>
    </test>
  </suite>
</testng-results>
